<?xml version="1.0" encoding="UTF-8"?>
<!-- Generated by org.testng.reporters.JUnitReportReporter -->
<testsuite hostname="DESKTOP-34SBLB0" failures="0" tests="3" name="com.qa.opencart.tests.RegistrationPageTest" time="11.281" errors="0" timestamp="13 Jun 2023 06:53:09 GMT" skipped="0">
  <testcase classname="com.qa.opencart.tests.RegistrationPageTest" name="userRegistrationTest" time="4.040"/>
  <testcase classname="com.qa.opencart.tests.RegistrationPageTest" name="userRegistrationTest" time="3.754"/>
  <testcase classname="com.qa.opencart.tests.RegistrationPageTest" name="userRegistrationTest" time="3.487"/>
</testsuite> <!-- com.qa.opencart.tests.RegistrationPageTest -->
