<?xml version="1.0" encoding="UTF-8"?>
<!-- Generated by org.testng.reporters.JUnitReportReporter -->
<testsuite hostname="DESKTOP-34SBLB0" failures="0" tests="10" name="com.qa.opencart.tests.AccountsPageTest" time="7.848" errors="0" timestamp="12 Jun 2023 23:51:53 GMT" skipped="0">
  <testcase classname="com.qa.opencart.tests.AccountsPageTest" name="accPageTitleTest" time="0.120"/>
  <testcase classname="com.qa.opencart.tests.AccountsPageTest" name="accPageHeaderTest" time="0.097"/>
  <testcase classname="com.qa.opencart.tests.AccountsPageTest" name="isLogoutLinkExist" time="0.060"/>
  <testcase classname="com.qa.opencart.tests.AccountsPageTest" name="accountPageSectionsTest" time="0.186"/>
  <testcase classname="com.qa.opencart.tests.AccountsPageTest" name="searchTest" time="1.079"/>
  <testcase classname="com.qa.opencart.tests.AccountsPageTest" name="searchTest" time="0.771"/>
  <testcase classname="com.qa.opencart.tests.AccountsPageTest" name="searchTest" time="0.765"/>
  <testcase classname="com.qa.opencart.tests.AccountsPageTest" name="selectProductTest" time="1.887"/>
  <testcase classname="com.qa.opencart.tests.AccountsPageTest" name="selectProductTest" time="1.393"/>
  <testcase classname="com.qa.opencart.tests.AccountsPageTest" name="selectProductTest" time="1.490"/>
</testsuite> <!-- com.qa.opencart.tests.AccountsPageTest -->
