<?xml version="1.0" encoding="UTF-8"?>
<!-- Generated by org.testng.reporters.JUnitReportReporter -->
<testsuite hostname="DESKTOP-34SBLB0" failures="0" tests="10" name="com.qa.opencart.tests.AccountsPageTest" time="13.245" errors="0" timestamp="13 Jun 2023 06:53:09 GMT" skipped="0">
  <testcase classname="com.qa.opencart.tests.AccountsPageTest" name="accPageTitleTest" time="0.035"/>
  <testcase classname="com.qa.opencart.tests.AccountsPageTest" name="accPageHeaderTest" time="0.093"/>
  <testcase classname="com.qa.opencart.tests.AccountsPageTest" name="isLogoutLinkExist" time="0.092"/>
  <testcase classname="com.qa.opencart.tests.AccountsPageTest" name="accountPageSectionsTest" time="0.301"/>
  <testcase classname="com.qa.opencart.tests.AccountsPageTest" name="searchTest" time="1.428"/>
  <testcase classname="com.qa.opencart.tests.AccountsPageTest" name="searchTest" time="1.112"/>
  <testcase classname="com.qa.opencart.tests.AccountsPageTest" name="searchTest" time="1.631"/>
  <testcase classname="com.qa.opencart.tests.AccountsPageTest" name="selectProductTest" time="5.320"/>
  <testcase classname="com.qa.opencart.tests.AccountsPageTest" name="selectProductTest" time="1.996"/>
  <testcase classname="com.qa.opencart.tests.AccountsPageTest" name="selectProductTest" time="1.237"/>
</testsuite> <!-- com.qa.opencart.tests.AccountsPageTest -->
