<?xml version="1.0" encoding="UTF-8"?>
<!-- Generated by org.testng.reporters.JUnitReportReporter -->
<testsuite hostname="DESKTOP-34SBLB0" failures="0" tests="3" name="com.qa.opencart.tests.ProductInfoPageTest" time="5.494" errors="0" timestamp="13 Jun 2023 06:53:09 GMT" skipped="0">
  <testcase classname="com.qa.opencart.tests.ProductInfoPageTest" name="productHeaderTest" time="2.534"/>
  <testcase classname="com.qa.opencart.tests.ProductInfoPageTest" name="productImagesCountTest" time="1.575"/>
  <testcase classname="com.qa.opencart.tests.ProductInfoPageTest" name="productInfoTest" time="1.385"/>
</testsuite> <!-- com.qa.opencart.tests.ProductInfoPageTest -->
